<?xml version="1.0" encoding="UTF-8"?>
<testsuite name="co.edu.uniquindio.unicine.test.AdminServicioTest" tests="1" skipped="0" failures="0" errors="0" timestamp="2022-10-21T05:38:18" hostname="LAPTOP-4407HKKM" time="0.644">
  <properties/>
  <testcase name="loginTest()" classname="co.edu.uniquindio.unicine.test.AdminServicioTest" time="0.644"/>
  <system-out><![CDATA[00:38:07.268 [Test worker] DEBUG org.springframework.test.context.BootstrapUtils - Instantiating CacheAwareContextLoaderDelegate from class [org.springframework.test.context.cache.DefaultCacheAwareContextLoaderDelegate]
00:38:07.292 [Test worker] DEBUG org.springframework.test.context.BootstrapUtils - Instantiating BootstrapContext using constructor [public org.springframework.test.context.support.DefaultBootstrapContext(java.lang.Class,org.springframework.test.context.CacheAwareContextLoaderDelegate)]
00:38:07.369 [Test worker] DEBUG org.springframework.test.context.BootstrapUtils - Instantiating TestContextBootstrapper for test class [co.edu.uniquindio.unicine.test.AdminServicioTest] from class [org.springframework.boot.test.context.SpringBootTestContextBootstrapper]
00:38:07.395 [Test worker] INFO org.springframework.boot.test.context.SpringBootTestContextBootstrapper - Neither @ContextConfiguration nor @ContextHierarchy found for test class [co.edu.uniquindio.unicine.test.AdminServicioTest], using SpringBootContextLoader
00:38:07.407 [Test worker] DEBUG org.springframework.test.context.support.AbstractContextLoader - Did not detect default resource location for test class [co.edu.uniquindio.unicine.test.AdminServicioTest]: class path resource [co/edu/uniquindio/unicine/test/AdminServicioTest-context.xml] does not exist
00:38:07.409 [Test worker] DEBUG org.springframework.test.context.support.AbstractContextLoader - Did not detect default resource location for test class [co.edu.uniquindio.unicine.test.AdminServicioTest]: class path resource [co/edu/uniquindio/unicine/test/AdminServicioTestContext.groovy] does not exist
00:38:07.410 [Test worker] INFO org.springframework.test.context.support.AbstractContextLoader - Could not detect default resource locations for test class [co.edu.uniquindio.unicine.test.AdminServicioTest]: no resource found for suffixes {-context.xml, Context.groovy}.
00:38:07.413 [Test worker] INFO org.springframework.test.context.support.AnnotationConfigContextLoaderUtils - Could not detect default configuration classes for test class [co.edu.uniquindio.unicine.test.AdminServicioTest]: AdminServicioTest does not declare any static, non-private, non-final, nested classes annotated with @Configuration.
00:38:07.509 [Test worker] DEBUG org.springframework.test.context.support.ActiveProfilesUtils - Could not find an 'annotation declaring class' for annotation type [org.springframework.test.context.ActiveProfiles] and class [co.edu.uniquindio.unicine.test.AdminServicioTest]
00:38:07.710 [Test worker] DEBUG org.springframework.context.annotation.ClassPathScanningCandidateComponentProvider - Identified candidate component class: file [C:\Users\KEVIN\IdeaProjects\unicine\negocio\build\classes\java\main\co\edu\uniquindio\unicine\NegocioApplication.class]
00:38:07.713 [Test worker] INFO org.springframework.boot.test.context.SpringBootTestContextBootstrapper - Found @SpringBootConfiguration co.edu.uniquindio.unicine.NegocioApplication for test class co.edu.uniquindio.unicine.test.AdminServicioTest
00:38:07.945 [Test worker] DEBUG org.springframework.boot.test.context.SpringBootTestContextBootstrapper - @TestExecutionListeners is not present for class [co.edu.uniquindio.unicine.test.AdminServicioTest]: using defaults.
00:38:07.946 [Test worker] INFO org.springframework.boot.test.context.SpringBootTestContextBootstrapper - Loaded default TestExecutionListener class names from location [META-INF/spring.factories]: [org.springframework.boot.test.autoconfigure.restdocs.RestDocsTestExecutionListener, org.springframework.boot.test.autoconfigure.web.client.MockRestServiceServerResetTestExecutionListener, org.springframework.boot.test.autoconfigure.web.servlet.MockMvcPrintOnlyOnFailureTestExecutionListener, org.springframework.boot.test.autoconfigure.web.servlet.WebDriverTestExecutionListener, org.springframework.boot.test.autoconfigure.webservices.client.MockWebServiceServerTestExecutionListener, org.springframework.boot.test.mock.mockito.MockitoTestExecutionListener, org.springframework.boot.test.mock.mockito.ResetMocksTestExecutionListener, org.springframework.test.context.web.ServletTestExecutionListener, org.springframework.test.context.support.DirtiesContextBeforeModesTestExecutionListener, org.springframework.test.context.event.ApplicationEventsTestExecutionListener, org.springframework.test.context.support.DependencyInjectionTestExecutionListener, org.springframework.test.context.support.DirtiesContextTestExecutionListener, org.springframework.test.context.transaction.TransactionalTestExecutionListener, org.springframework.test.context.jdbc.SqlScriptsTestExecutionListener, org.springframework.test.context.event.EventPublishingTestExecutionListener]
00:38:07.967 [Test worker] DEBUG org.springframework.boot.test.context.SpringBootTestContextBootstrapper - Skipping candidate TestExecutionListener [org.springframework.test.context.web.ServletTestExecutionListener] due to a missing dependency. Specify custom listener classes or make the default listener classes and their required dependencies available. Offending class: [javax/servlet/ServletContext]
00:38:07.986 [Test worker] INFO org.springframework.boot.test.context.SpringBootTestContextBootstrapper - Using TestExecutionListeners: [org.springframework.test.context.support.DirtiesContextBeforeModesTestExecutionListener@1e8823d2, org.springframework.test.context.event.ApplicationEventsTestExecutionListener@c1a4620, org.springframework.boot.test.mock.mockito.MockitoTestExecutionListener@76b0ae1b, org.springframework.boot.test.autoconfigure.SpringBootDependencyInjectionTestExecutionListener@130a0f66, org.springframework.test.context.support.DirtiesContextTestExecutionListener@4c432866, org.springframework.test.context.transaction.TransactionalTestExecutionListener@12365c88, org.springframework.test.context.jdbc.SqlScriptsTestExecutionListener@6105f8a3, org.springframework.test.context.event.EventPublishingTestExecutionListener@2237bada, org.springframework.boot.test.autoconfigure.restdocs.RestDocsTestExecutionListener@77e2a6e2, org.springframework.boot.test.autoconfigure.web.client.MockRestServiceServerResetTestExecutionListener@5710768a, org.springframework.boot.test.autoconfigure.web.servlet.MockMvcPrintOnlyOnFailureTestExecutionListener@199e4c2b, org.springframework.boot.test.autoconfigure.web.servlet.WebDriverTestExecutionListener@6e0d4a8, org.springframework.boot.test.autoconfigure.webservices.client.MockWebServiceServerTestExecutionListener@64d7b720, org.springframework.boot.test.mock.mockito.ResetMocksTestExecutionListener@30272916]
00:38:07.994 [Test worker] DEBUG org.springframework.test.context.support.AbstractDirtiesContextTestExecutionListener - Before test class: context [DefaultTestContext@777c9dc9 testClass = AdminServicioTest, testInstance = [null], testMethod = [null], testException = [null], mergedContextConfiguration = [MergedContextConfiguration@71b1a49c testClass = AdminServicioTest, locations = '{}', classes = '{class co.edu.uniquindio.unicine.NegocioApplication}', contextInitializerClasses = '[]', activeProfiles = '{}', propertySourceLocations = '{}', propertySourceProperties = '{org.springframework.boot.test.context.SpringBootTestContextBootstrapper=true}', contextCustomizers = set[org.springframework.boot.test.autoconfigure.actuate.metrics.MetricsExportContextCustomizerFactory$DisableMetricExportContextCustomizer@11eadcba, org.springframework.boot.test.autoconfigure.properties.PropertyMappingContextCustomizer@0, org.springframework.boot.test.autoconfigure.web.servlet.WebDriverContextCustomizerFactory$Customizer@3a62c01e, org.springframework.boot.test.context.filter.ExcludeFilterContextCustomizer@5357c287, org.springframework.boot.test.json.DuplicateJsonObjectContextCustomizerFactory$DuplicateJsonObjectContextCustomizer@2b43529a, org.springframework.boot.test.mock.mockito.MockitoContextCustomizer@0, org.springframework.boot.test.web.client.TestRestTemplateContextCustomizer@5d018107, org.springframework.boot.test.context.SpringBootTestArgs@1, org.springframework.boot.test.context.SpringBootTestWebEnvironment@5f20155b], contextLoader = 'org.springframework.boot.test.context.SpringBootContextLoader', parent = [null]], attributes = map[[empty]]], class annotated with @DirtiesContext [false] with mode [null].
00:38:08.015 [Test worker] DEBUG org.springframework.test.context.support.DependencyInjectionTestExecutionListener - Performing dependency injection for test context [[DefaultTestContext@777c9dc9 testClass = AdminServicioTest, testInstance = co.edu.uniquindio.unicine.test.AdminServicioTest@23aae55, testMethod = [null], testException = [null], mergedContextConfiguration = [MergedContextConfiguration@71b1a49c testClass = AdminServicioTest, locations = '{}', classes = '{class co.edu.uniquindio.unicine.NegocioApplication}', contextInitializerClasses = '[]', activeProfiles = '{}', propertySourceLocations = '{}', propertySourceProperties = '{org.springframework.boot.test.context.SpringBootTestContextBootstrapper=true}', contextCustomizers = set[org.springframework.boot.test.autoconfigure.actuate.metrics.MetricsExportContextCustomizerFactory$DisableMetricExportContextCustomizer@11eadcba, org.springframework.boot.test.autoconfigure.properties.PropertyMappingContextCustomizer@0, org.springframework.boot.test.autoconfigure.web.servlet.WebDriverContextCustomizerFactory$Customizer@3a62c01e, org.springframework.boot.test.context.filter.ExcludeFilterContextCustomizer@5357c287, org.springframework.boot.test.json.DuplicateJsonObjectContextCustomizerFactory$DuplicateJsonObjectContextCustomizer@2b43529a, org.springframework.boot.test.mock.mockito.MockitoContextCustomizer@0, org.springframework.boot.test.web.client.TestRestTemplateContextCustomizer@5d018107, org.springframework.boot.test.context.SpringBootTestArgs@1, org.springframework.boot.test.context.SpringBootTestWebEnvironment@5f20155b], contextLoader = 'org.springframework.boot.test.context.SpringBootContextLoader', parent = [null]], attributes = map['org.springframework.test.context.event.ApplicationEventsTestExecutionListener.recordApplicationEvents' -> false]]].

  .   ____          _            __ _ _
 /\\ / ___'_ __ _ _(_)_ __  __ _ \ \ \ \
( ( )\___ | '_ | '_| | '_ \/ _` | \ \ \ \
 \\/  ___)| |_)| | | | | || (_| |  ) ) ) )
  '  |____| .__|_| |_|_| |_\__, | / / / /
 =========|_|==============|___/=/_/_/_/
 :: Spring Boot ::                (v2.7.3)

2022-10-21 00:38:08.681  INFO 19708 --- [    Test worker] c.e.u.unicine.test.AdminServicioTest     : Starting AdminServicioTest using Java 11.0.15.1 on LAPTOP-4407HKKM with PID 19708 (started by KEVIN in C:\Users\KEVIN\IdeaProjects\unicine\negocio)
2022-10-21 00:38:08.685  INFO 19708 --- [    Test worker] c.e.u.unicine.test.AdminServicioTest     : No active profile set, falling back to 1 default profile: "default"
2022-10-21 00:38:09.906  INFO 19708 --- [    Test worker] .s.d.r.c.RepositoryConfigurationDelegate : Bootstrapping Spring Data JPA repositories in DEFAULT mode.
2022-10-21 00:38:10.177  INFO 19708 --- [    Test worker] .s.d.r.c.RepositoryConfigurationDelegate : Finished Spring Data repository scanning in 247 ms. Found 16 JPA repository interfaces.
2022-10-21 00:38:11.533  INFO 19708 --- [    Test worker] o.hibernate.jpa.internal.util.LogHelper  : HHH000204: Processing PersistenceUnitInfo [name: default]
2022-10-21 00:38:11.727  INFO 19708 --- [    Test worker] org.hibernate.Version                    : HHH000412: Hibernate ORM core version 5.6.10.Final
2022-10-21 00:38:12.159  INFO 19708 --- [    Test worker] o.hibernate.annotations.common.Version   : HCANN000001: Hibernate Commons Annotations {5.1.2.Final}
2022-10-21 00:38:12.441  INFO 19708 --- [    Test worker] com.zaxxer.hikari.HikariDataSource       : HikariPool-1 - Starting...
2022-10-21 00:38:13.162  INFO 19708 --- [    Test worker] com.zaxxer.hikari.HikariDataSource       : HikariPool-1 - Start completed.
2022-10-21 00:38:13.258  INFO 19708 --- [    Test worker] org.hibernate.dialect.Dialect            : HHH000400: Using dialect: org.hibernate.dialect.MySQL8Dialect
2022-10-21 00:38:13.510  WARN 19708 --- [    Test worker] org.hibernate.cfg.AnnotationBinder       : HHH000503: A class should not be annotated with both @Inheritance and @MappedSuperclass. @Inheritance will be ignored for: co.edu.uniquindio.unicine.entidades.Persona.
2022-10-21 00:38:15.761  INFO 19708 --- [    Test worker] o.h.e.t.j.p.i.JtaPlatformInitiator       : HHH000490: Using JtaPlatform implementation: [org.hibernate.engine.transaction.jta.platform.internal.NoJtaPlatform]
2022-10-21 00:38:15.782  INFO 19708 --- [    Test worker] j.LocalContainerEntityManagerFactoryBean : Initialized JPA EntityManagerFactory for persistence unit 'default'
2022-10-21 00:38:18.507  INFO 19708 --- [    Test worker] c.e.u.unicine.test.AdminServicioTest     : Started AdminServicioTest in 10.438 seconds (JVM running for 13.56)
2022-10-21 00:38:18.551  INFO 19708 --- [    Test worker] o.s.t.c.transaction.TransactionContext   : Began transaction (1) for test context [DefaultTestContext@777c9dc9 testClass = AdminServicioTest, testInstance = co.edu.uniquindio.unicine.test.AdminServicioTest@23aae55, testMethod = loginTest@AdminServicioTest, testException = [null], mergedContextConfiguration = [MergedContextConfiguration@71b1a49c testClass = AdminServicioTest, locations = '{}', classes = '{class co.edu.uniquindio.unicine.NegocioApplication}', contextInitializerClasses = '[]', activeProfiles = '{}', propertySourceLocations = '{}', propertySourceProperties = '{org.springframework.boot.test.context.SpringBootTestContextBootstrapper=true}', contextCustomizers = set[org.springframework.boot.test.autoconfigure.actuate.metrics.MetricsExportContextCustomizerFactory$DisableMetricExportContextCustomizer@11eadcba, org.springframework.boot.test.autoconfigure.properties.PropertyMappingContextCustomizer@0, org.springframework.boot.test.autoconfigure.web.servlet.WebDriverContextCustomizerFactory$Customizer@3a62c01e, org.springframework.boot.test.context.filter.ExcludeFilterContextCustomizer@5357c287, org.springframework.boot.test.json.DuplicateJsonObjectContextCustomizerFactory$DuplicateJsonObjectContextCustomizer@2b43529a, org.springframework.boot.test.mock.mockito.MockitoContextCustomizer@0, org.springframework.boot.test.web.client.TestRestTemplateContextCustomizer@5d018107, org.springframework.boot.test.context.SpringBootTestArgs@1, org.springframework.boot.test.context.SpringBootTestWebEnvironment@5f20155b], contextLoader = 'org.springframework.boot.test.context.SpringBootContextLoader', parent = [null]], attributes = map['org.springframework.test.context.event.ApplicationEventsTestExecutionListener.recordApplicationEvents' -> false]]; transaction manager [org.springframework.orm.jpa.JpaTransactionManager@24f77077]; rollback [true]
Hibernate: select administra0_.codigo as codigo1_0_, administra0_.correo as correo2_0_, administra0_.nombre as nombre3_0_, administra0_.password as password4_0_ from administrador administra0_ where administra0_.correo=? and administra0_.password=?
2022-10-21 00:38:19.156  INFO 19708 --- [    Test worker] o.s.t.c.transaction.TransactionContext   : Rolled back transaction for test: [DefaultTestContext@777c9dc9 testClass = AdminServicioTest, testInstance = co.edu.uniquindio.unicine.test.AdminServicioTest@23aae55, testMethod = loginTest@AdminServicioTest, testException = [null], mergedContextConfiguration = [MergedContextConfiguration@71b1a49c testClass = AdminServicioTest, locations = '{}', classes = '{class co.edu.uniquindio.unicine.NegocioApplication}', contextInitializerClasses = '[]', activeProfiles = '{}', propertySourceLocations = '{}', propertySourceProperties = '{org.springframework.boot.test.context.SpringBootTestContextBootstrapper=true}', contextCustomizers = set[org.springframework.boot.test.autoconfigure.actuate.metrics.MetricsExportContextCustomizerFactory$DisableMetricExportContextCustomizer@11eadcba, org.springframework.boot.test.autoconfigure.properties.PropertyMappingContextCustomizer@0, org.springframework.boot.test.autoconfigure.web.servlet.WebDriverContextCustomizerFactory$Customizer@3a62c01e, org.springframework.boot.test.context.filter.ExcludeFilterContextCustomizer@5357c287, org.springframework.boot.test.json.DuplicateJsonObjectContextCustomizerFactory$DuplicateJsonObjectContextCustomizer@2b43529a, org.springframework.boot.test.mock.mockito.MockitoContextCustomizer@0, org.springframework.boot.test.web.client.TestRestTemplateContextCustomizer@5d018107, org.springframework.boot.test.context.SpringBootTestArgs@1, org.springframework.boot.test.context.SpringBootTestWebEnvironment@5f20155b], contextLoader = 'org.springframework.boot.test.context.SpringBootContextLoader', parent = [null]], attributes = map['org.springframework.test.context.event.ApplicationEventsTestExecutionListener.recordApplicationEvents' -> false]]
]]></system-out>
  <system-err><![CDATA[]]></system-err>
</testsuite>
