<?xml version="1.0" encoding="UTF-8"?>
<testsuite name="co.edu.uniquindio.unicine.test.AdminTeatroServicioTest" tests="1" skipped="0" failures="0" errors="0" timestamp="2022-10-22T05:54:03" hostname="DESKTOP-98QCLC6" time="0.974">
  <properties/>
  <testcase name="eliminarHorarioTest()" classname="co.edu.uniquindio.unicine.test.AdminTeatroServicioTest" time="0.974"/>
  <system-out><![CDATA[00:53:49.836 [Test worker] DEBUG org.springframework.test.context.BootstrapUtils - Instantiating CacheAwareContextLoaderDelegate from class [org.springframework.test.context.cache.DefaultCacheAwareContextLoaderDelegate]
00:53:49.875 [Test worker] DEBUG org.springframework.test.context.BootstrapUtils - Instantiating BootstrapContext using constructor [public org.springframework.test.context.support.DefaultBootstrapContext(java.lang.Class,org.springframework.test.context.CacheAwareContextLoaderDelegate)]
00:53:49.999 [Test worker] DEBUG org.springframework.test.context.BootstrapUtils - Instantiating TestContextBootstrapper for test class [co.edu.uniquindio.unicine.test.AdminTeatroServicioTest] from class [org.springframework.boot.test.context.SpringBootTestContextBootstrapper]
00:53:50.073 [Test worker] INFO org.springframework.boot.test.context.SpringBootTestContextBootstrapper - Neither @ContextConfiguration nor @ContextHierarchy found for test class [co.edu.uniquindio.unicine.test.AdminTeatroServicioTest], using SpringBootContextLoader
00:53:50.089 [Test worker] DEBUG org.springframework.test.context.support.AbstractContextLoader - Did not detect default resource location for test class [co.edu.uniquindio.unicine.test.AdminTeatroServicioTest]: class path resource [co/edu/uniquindio/unicine/test/AdminTeatroServicioTest-context.xml] does not exist
00:53:50.091 [Test worker] DEBUG org.springframework.test.context.support.AbstractContextLoader - Did not detect default resource location for test class [co.edu.uniquindio.unicine.test.AdminTeatroServicioTest]: class path resource [co/edu/uniquindio/unicine/test/AdminTeatroServicioTestContext.groovy] does not exist
00:53:50.092 [Test worker] INFO org.springframework.test.context.support.AbstractContextLoader - Could not detect default resource locations for test class [co.edu.uniquindio.unicine.test.AdminTeatroServicioTest]: no resource found for suffixes {-context.xml, Context.groovy}.
00:53:50.095 [Test worker] INFO org.springframework.test.context.support.AnnotationConfigContextLoaderUtils - Could not detect default configuration classes for test class [co.edu.uniquindio.unicine.test.AdminTeatroServicioTest]: AdminTeatroServicioTest does not declare any static, non-private, non-final, nested classes annotated with @Configuration.
00:53:50.277 [Test worker] DEBUG org.springframework.test.context.support.ActiveProfilesUtils - Could not find an 'annotation declaring class' for annotation type [org.springframework.test.context.ActiveProfiles] and class [co.edu.uniquindio.unicine.test.AdminTeatroServicioTest]
00:53:50.779 [Test worker] DEBUG org.springframework.context.annotation.ClassPathScanningCandidateComponentProvider - Identified candidate component class: file [C:\td\proyecto\Unicine\negocio\build\classes\java\main\co\edu\uniquindio\unicine\NegocioApplication.class]
00:53:50.783 [Test worker] INFO org.springframework.boot.test.context.SpringBootTestContextBootstrapper - Found @SpringBootConfiguration co.edu.uniquindio.unicine.NegocioApplication for test class co.edu.uniquindio.unicine.test.AdminTeatroServicioTest
00:53:51.128 [Test worker] DEBUG org.springframework.boot.test.context.SpringBootTestContextBootstrapper - @TestExecutionListeners is not present for class [co.edu.uniquindio.unicine.test.AdminTeatroServicioTest]: using defaults.
00:53:51.130 [Test worker] INFO org.springframework.boot.test.context.SpringBootTestContextBootstrapper - Loaded default TestExecutionListener class names from location [META-INF/spring.factories]: [org.springframework.boot.test.autoconfigure.restdocs.RestDocsTestExecutionListener, org.springframework.boot.test.autoconfigure.web.client.MockRestServiceServerResetTestExecutionListener, org.springframework.boot.test.autoconfigure.web.servlet.MockMvcPrintOnlyOnFailureTestExecutionListener, org.springframework.boot.test.autoconfigure.web.servlet.WebDriverTestExecutionListener, org.springframework.boot.test.autoconfigure.webservices.client.MockWebServiceServerTestExecutionListener, org.springframework.boot.test.mock.mockito.MockitoTestExecutionListener, org.springframework.boot.test.mock.mockito.ResetMocksTestExecutionListener, org.springframework.test.context.web.ServletTestExecutionListener, org.springframework.test.context.support.DirtiesContextBeforeModesTestExecutionListener, org.springframework.test.context.event.ApplicationEventsTestExecutionListener, org.springframework.test.context.support.DependencyInjectionTestExecutionListener, org.springframework.test.context.support.DirtiesContextTestExecutionListener, org.springframework.test.context.transaction.TransactionalTestExecutionListener, org.springframework.test.context.jdbc.SqlScriptsTestExecutionListener, org.springframework.test.context.event.EventPublishingTestExecutionListener]
00:53:51.171 [Test worker] DEBUG org.springframework.boot.test.context.SpringBootTestContextBootstrapper - Skipping candidate TestExecutionListener [org.springframework.test.context.web.ServletTestExecutionListener] due to a missing dependency. Specify custom listener classes or make the default listener classes and their required dependencies available. Offending class: [javax/servlet/ServletContext]
00:53:51.202 [Test worker] INFO org.springframework.boot.test.context.SpringBootTestContextBootstrapper - Using TestExecutionListeners: [org.springframework.test.context.support.DirtiesContextBeforeModesTestExecutionListener@1e34c607, org.springframework.test.context.event.ApplicationEventsTestExecutionListener@5215cd9a, org.springframework.boot.test.mock.mockito.MockitoTestExecutionListener@36b6964d, org.springframework.boot.test.autoconfigure.SpringBootDependencyInjectionTestExecutionListener@31198ceb, org.springframework.test.context.support.DirtiesContextTestExecutionListener@9257031, org.springframework.test.context.transaction.TransactionalTestExecutionListener@75201592, org.springframework.test.context.jdbc.SqlScriptsTestExecutionListener@7726e185, org.springframework.test.context.event.EventPublishingTestExecutionListener@aa5455e, org.springframework.boot.test.autoconfigure.restdocs.RestDocsTestExecutionListener@282308c3, org.springframework.boot.test.autoconfigure.web.client.MockRestServiceServerResetTestExecutionListener@5dda14d0, org.springframework.boot.test.autoconfigure.web.servlet.MockMvcPrintOnlyOnFailureTestExecutionListener@1db0ec27, org.springframework.boot.test.autoconfigure.web.servlet.WebDriverTestExecutionListener@3d9fc57a, org.springframework.boot.test.autoconfigure.webservices.client.MockWebServiceServerTestExecutionListener@d4ab71a, org.springframework.boot.test.mock.mockito.ResetMocksTestExecutionListener@3b4ef7]
00:53:51.215 [Test worker] DEBUG org.springframework.test.context.support.AbstractDirtiesContextTestExecutionListener - Before test class: context [DefaultTestContext@20765ed5 testClass = AdminTeatroServicioTest, testInstance = [null], testMethod = [null], testException = [null], mergedContextConfiguration = [MergedContextConfiguration@3b582111 testClass = AdminTeatroServicioTest, locations = '{}', classes = '{class co.edu.uniquindio.unicine.NegocioApplication}', contextInitializerClasses = '[]', activeProfiles = '{}', propertySourceLocations = '{}', propertySourceProperties = '{org.springframework.boot.test.context.SpringBootTestContextBootstrapper=true}', contextCustomizers = set[org.springframework.boot.test.autoconfigure.actuate.metrics.MetricsExportContextCustomizerFactory$DisableMetricExportContextCustomizer@5bfa8cc5, org.springframework.boot.test.autoconfigure.properties.PropertyMappingContextCustomizer@0, org.springframework.boot.test.autoconfigure.web.servlet.WebDriverContextCustomizerFactory$Customizer@5b11a194, org.springframework.boot.test.context.filter.ExcludeFilterContextCustomizer@1b065145, org.springframework.boot.test.json.DuplicateJsonObjectContextCustomizerFactory$DuplicateJsonObjectContextCustomizer@5827af16, org.springframework.boot.test.mock.mockito.MockitoContextCustomizer@0, org.springframework.boot.test.web.client.TestRestTemplateContextCustomizer@50fe837a, org.springframework.boot.test.context.SpringBootTestArgs@1, org.springframework.boot.test.context.SpringBootTestWebEnvironment@3336e6b6], contextLoader = 'org.springframework.boot.test.context.SpringBootContextLoader', parent = [null]], attributes = map[[empty]]], class annotated with @DirtiesContext [false] with mode [null].
00:53:51.247 [Test worker] DEBUG org.springframework.test.context.support.DependencyInjectionTestExecutionListener - Performing dependency injection for test context [[DefaultTestContext@20765ed5 testClass = AdminTeatroServicioTest, testInstance = co.edu.uniquindio.unicine.test.AdminTeatroServicioTest@4d666b41, testMethod = [null], testException = [null], mergedContextConfiguration = [MergedContextConfiguration@3b582111 testClass = AdminTeatroServicioTest, locations = '{}', classes = '{class co.edu.uniquindio.unicine.NegocioApplication}', contextInitializerClasses = '[]', activeProfiles = '{}', propertySourceLocations = '{}', propertySourceProperties = '{org.springframework.boot.test.context.SpringBootTestContextBootstrapper=true}', contextCustomizers = set[org.springframework.boot.test.autoconfigure.actuate.metrics.MetricsExportContextCustomizerFactory$DisableMetricExportContextCustomizer@5bfa8cc5, org.springframework.boot.test.autoconfigure.properties.PropertyMappingContextCustomizer@0, org.springframework.boot.test.autoconfigure.web.servlet.WebDriverContextCustomizerFactory$Customizer@5b11a194, org.springframework.boot.test.context.filter.ExcludeFilterContextCustomizer@1b065145, org.springframework.boot.test.json.DuplicateJsonObjectContextCustomizerFactory$DuplicateJsonObjectContextCustomizer@5827af16, org.springframework.boot.test.mock.mockito.MockitoContextCustomizer@0, org.springframework.boot.test.web.client.TestRestTemplateContextCustomizer@50fe837a, org.springframework.boot.test.context.SpringBootTestArgs@1, org.springframework.boot.test.context.SpringBootTestWebEnvironment@3336e6b6], contextLoader = 'org.springframework.boot.test.context.SpringBootContextLoader', parent = [null]], attributes = map['org.springframework.test.context.event.ApplicationEventsTestExecutionListener.recordApplicationEvents' -> false]]].

  .   ____          _            __ _ _
 /\\ / ___'_ __ _ _(_)_ __  __ _ \ \ \ \
( ( )\___ | '_ | '_| | '_ \/ _` | \ \ \ \
 \\/  ___)| |_)| | | | | || (_| |  ) ) ) )
  '  |____| .__|_| |_|_| |_\__, | / / / /
 =========|_|==============|___/=/_/_/_/
 :: Spring Boot ::                (v2.7.3)

2022-10-22 00:53:52.088  INFO 12968 --- [    Test worker] c.e.u.u.test.AdminTeatroServicioTest     : Starting AdminTeatroServicioTest using Java 11.0.15 on DESKTOP-98QCLC6 with PID 12968 (started by Juan in C:\td\proyecto\Unicine\negocio)
2022-10-22 00:53:52.090  INFO 12968 --- [    Test worker] c.e.u.u.test.AdminTeatroServicioTest     : No active profile set, falling back to 1 default profile: "default"
2022-10-22 00:53:53.231  INFO 12968 --- [    Test worker] .s.d.r.c.RepositoryConfigurationDelegate : Bootstrapping Spring Data JPA repositories in DEFAULT mode.
2022-10-22 00:53:53.601  INFO 12968 --- [    Test worker] .s.d.r.c.RepositoryConfigurationDelegate : Finished Spring Data repository scanning in 346 ms. Found 16 JPA repository interfaces.
2022-10-22 00:53:54.736  INFO 12968 --- [    Test worker] o.hibernate.jpa.internal.util.LogHelper  : HHH000204: Processing PersistenceUnitInfo [name: default]
2022-10-22 00:53:54.857  INFO 12968 --- [    Test worker] org.hibernate.Version                    : HHH000412: Hibernate ORM core version 5.6.10.Final
2022-10-22 00:53:55.284  INFO 12968 --- [    Test worker] o.hibernate.annotations.common.Version   : HCANN000001: Hibernate Commons Annotations {5.1.2.Final}
2022-10-22 00:53:55.656  INFO 12968 --- [    Test worker] com.zaxxer.hikari.HikariDataSource       : HikariPool-1 - Starting...
2022-10-22 00:53:56.793  INFO 12968 --- [    Test worker] com.zaxxer.hikari.HikariDataSource       : HikariPool-1 - Start completed.
2022-10-22 00:53:56.891  INFO 12968 --- [    Test worker] org.hibernate.dialect.Dialect            : HHH000400: Using dialect: org.hibernate.dialect.MySQL8Dialect
2022-10-22 00:53:57.212  WARN 12968 --- [    Test worker] org.hibernate.cfg.AnnotationBinder       : HHH000503: A class should not be annotated with both @Inheritance and @MappedSuperclass. @Inheritance will be ignored for: co.edu.uniquindio.unicine.entidades.Persona.
2022-10-22 00:54:00.265  INFO 12968 --- [    Test worker] o.h.e.t.j.p.i.JtaPlatformInitiator       : HHH000490: Using JtaPlatform implementation: [org.hibernate.engine.transaction.jta.platform.internal.NoJtaPlatform]
2022-10-22 00:54:00.290  INFO 12968 --- [    Test worker] j.LocalContainerEntityManagerFactoryBean : Initialized JPA EntityManagerFactory for persistence unit 'default'
2022-10-22 00:54:03.070  INFO 12968 --- [    Test worker] c.e.u.u.test.AdminTeatroServicioTest     : Started AdminTeatroServicioTest in 11.741 seconds (JVM running for 16.224)
2022-10-22 00:54:03.124  INFO 12968 --- [    Test worker] o.s.t.c.transaction.TransactionContext   : Began transaction (1) for test context [DefaultTestContext@20765ed5 testClass = AdminTeatroServicioTest, testInstance = co.edu.uniquindio.unicine.test.AdminTeatroServicioTest@4d666b41, testMethod = eliminarHorarioTest@AdminTeatroServicioTest, testException = [null], mergedContextConfiguration = [MergedContextConfiguration@3b582111 testClass = AdminTeatroServicioTest, locations = '{}', classes = '{class co.edu.uniquindio.unicine.NegocioApplication}', contextInitializerClasses = '[]', activeProfiles = '{}', propertySourceLocations = '{}', propertySourceProperties = '{org.springframework.boot.test.context.SpringBootTestContextBootstrapper=true}', contextCustomizers = set[org.springframework.boot.test.autoconfigure.actuate.metrics.MetricsExportContextCustomizerFactory$DisableMetricExportContextCustomizer@5bfa8cc5, org.springframework.boot.test.autoconfigure.properties.PropertyMappingContextCustomizer@0, org.springframework.boot.test.autoconfigure.web.servlet.WebDriverContextCustomizerFactory$Customizer@5b11a194, org.springframework.boot.test.context.filter.ExcludeFilterContextCustomizer@1b065145, org.springframework.boot.test.json.DuplicateJsonObjectContextCustomizerFactory$DuplicateJsonObjectContextCustomizer@5827af16, org.springframework.boot.test.mock.mockito.MockitoContextCustomizer@0, org.springframework.boot.test.web.client.TestRestTemplateContextCustomizer@50fe837a, org.springframework.boot.test.context.SpringBootTestArgs@1, org.springframework.boot.test.context.SpringBootTestWebEnvironment@3336e6b6], contextLoader = 'org.springframework.boot.test.context.SpringBootContextLoader', parent = [null]], attributes = map['org.springframework.test.context.event.ApplicationEventsTestExecutionListener.recordApplicationEvents' -> false]]; transaction manager [org.springframework.orm.jpa.JpaTransactionManager@45a05350]; rollback [true]
Hibernate: select horario0_.codigo as codigo1_13_0_, horario0_.dia as dia2_13_0_, horario0_.fecha_fin as fecha_fi3_13_0_, horario0_.fecha_inicio as fecha_in4_13_0_, horario0_.hora as hora5_13_0_ from horario horario0_ where horario0_.codigo=?
2022-10-22 00:54:04.049  INFO 12968 --- [    Test worker] o.s.t.c.transaction.TransactionContext   : Rolled back transaction for test: [DefaultTestContext@20765ed5 testClass = AdminTeatroServicioTest, testInstance = co.edu.uniquindio.unicine.test.AdminTeatroServicioTest@4d666b41, testMethod = eliminarHorarioTest@AdminTeatroServicioTest, testException = [null], mergedContextConfiguration = [MergedContextConfiguration@3b582111 testClass = AdminTeatroServicioTest, locations = '{}', classes = '{class co.edu.uniquindio.unicine.NegocioApplication}', contextInitializerClasses = '[]', activeProfiles = '{}', propertySourceLocations = '{}', propertySourceProperties = '{org.springframework.boot.test.context.SpringBootTestContextBootstrapper=true}', contextCustomizers = set[org.springframework.boot.test.autoconfigure.actuate.metrics.MetricsExportContextCustomizerFactory$DisableMetricExportContextCustomizer@5bfa8cc5, org.springframework.boot.test.autoconfigure.properties.PropertyMappingContextCustomizer@0, org.springframework.boot.test.autoconfigure.web.servlet.WebDriverContextCustomizerFactory$Customizer@5b11a194, org.springframework.boot.test.context.filter.ExcludeFilterContextCustomizer@1b065145, org.springframework.boot.test.json.DuplicateJsonObjectContextCustomizerFactory$DuplicateJsonObjectContextCustomizer@5827af16, org.springframework.boot.test.mock.mockito.MockitoContextCustomizer@0, org.springframework.boot.test.web.client.TestRestTemplateContextCustomizer@50fe837a, org.springframework.boot.test.context.SpringBootTestArgs@1, org.springframework.boot.test.context.SpringBootTestWebEnvironment@3336e6b6], contextLoader = 'org.springframework.boot.test.context.SpringBootContextLoader', parent = [null]], attributes = map['org.springframework.test.context.event.ApplicationEventsTestExecutionListener.recordApplicationEvents' -> false]]
]]></system-out>
  <system-err><![CDATA[]]></system-err>
</testsuite>
