<?xml version="1.0" encoding="UTF-8"?>
<testsuite name="co.edu.uniquindio.unicine.test.AdminTeatroServicioTest" tests="1" skipped="0" failures="0" errors="0" timestamp="2022-10-23T04:39:26" hostname="DESKTOP-98QCLC6" time="0.767">
  <properties/>
  <testcase name="listarDistribucionTest()" classname="co.edu.uniquindio.unicine.test.AdminTeatroServicioTest" time="0.767"/>
  <system-out><![CDATA[23:39:12.429 [Test worker] DEBUG org.springframework.test.context.BootstrapUtils - Instantiating CacheAwareContextLoaderDelegate from class [org.springframework.test.context.cache.DefaultCacheAwareContextLoaderDelegate]
23:39:12.461 [Test worker] DEBUG org.springframework.test.context.BootstrapUtils - Instantiating BootstrapContext using constructor [public org.springframework.test.context.support.DefaultBootstrapContext(java.lang.Class,org.springframework.test.context.CacheAwareContextLoaderDelegate)]
23:39:12.572 [Test worker] DEBUG org.springframework.test.context.BootstrapUtils - Instantiating TestContextBootstrapper for test class [co.edu.uniquindio.unicine.test.AdminTeatroServicioTest] from class [org.springframework.boot.test.context.SpringBootTestContextBootstrapper]
23:39:12.612 [Test worker] INFO org.springframework.boot.test.context.SpringBootTestContextBootstrapper - Neither @ContextConfiguration nor @ContextHierarchy found for test class [co.edu.uniquindio.unicine.test.AdminTeatroServicioTest], using SpringBootContextLoader
23:39:12.623 [Test worker] DEBUG org.springframework.test.context.support.AbstractContextLoader - Did not detect default resource location for test class [co.edu.uniquindio.unicine.test.AdminTeatroServicioTest]: class path resource [co/edu/uniquindio/unicine/test/AdminTeatroServicioTest-context.xml] does not exist
23:39:12.625 [Test worker] DEBUG org.springframework.test.context.support.AbstractContextLoader - Did not detect default resource location for test class [co.edu.uniquindio.unicine.test.AdminTeatroServicioTest]: class path resource [co/edu/uniquindio/unicine/test/AdminTeatroServicioTestContext.groovy] does not exist
23:39:12.625 [Test worker] INFO org.springframework.test.context.support.AbstractContextLoader - Could not detect default resource locations for test class [co.edu.uniquindio.unicine.test.AdminTeatroServicioTest]: no resource found for suffixes {-context.xml, Context.groovy}.
23:39:12.627 [Test worker] INFO org.springframework.test.context.support.AnnotationConfigContextLoaderUtils - Could not detect default configuration classes for test class [co.edu.uniquindio.unicine.test.AdminTeatroServicioTest]: AdminTeatroServicioTest does not declare any static, non-private, non-final, nested classes annotated with @Configuration.
23:39:12.765 [Test worker] DEBUG org.springframework.test.context.support.ActiveProfilesUtils - Could not find an 'annotation declaring class' for annotation type [org.springframework.test.context.ActiveProfiles] and class [co.edu.uniquindio.unicine.test.AdminTeatroServicioTest]
23:39:13.048 [Test worker] DEBUG org.springframework.context.annotation.ClassPathScanningCandidateComponentProvider - Identified candidate component class: file [C:\td\proyecto\Unicine\negocio\build\classes\java\main\co\edu\uniquindio\unicine\NegocioApplication.class]
23:39:13.050 [Test worker] INFO org.springframework.boot.test.context.SpringBootTestContextBootstrapper - Found @SpringBootConfiguration co.edu.uniquindio.unicine.NegocioApplication for test class co.edu.uniquindio.unicine.test.AdminTeatroServicioTest
23:39:13.364 [Test worker] DEBUG org.springframework.boot.test.context.SpringBootTestContextBootstrapper - @TestExecutionListeners is not present for class [co.edu.uniquindio.unicine.test.AdminTeatroServicioTest]: using defaults.
23:39:13.366 [Test worker] INFO org.springframework.boot.test.context.SpringBootTestContextBootstrapper - Loaded default TestExecutionListener class names from location [META-INF/spring.factories]: [org.springframework.boot.test.autoconfigure.restdocs.RestDocsTestExecutionListener, org.springframework.boot.test.autoconfigure.web.client.MockRestServiceServerResetTestExecutionListener, org.springframework.boot.test.autoconfigure.web.servlet.MockMvcPrintOnlyOnFailureTestExecutionListener, org.springframework.boot.test.autoconfigure.web.servlet.WebDriverTestExecutionListener, org.springframework.boot.test.autoconfigure.webservices.client.MockWebServiceServerTestExecutionListener, org.springframework.boot.test.mock.mockito.MockitoTestExecutionListener, org.springframework.boot.test.mock.mockito.ResetMocksTestExecutionListener, org.springframework.test.context.web.ServletTestExecutionListener, org.springframework.test.context.support.DirtiesContextBeforeModesTestExecutionListener, org.springframework.test.context.event.ApplicationEventsTestExecutionListener, org.springframework.test.context.support.DependencyInjectionTestExecutionListener, org.springframework.test.context.support.DirtiesContextTestExecutionListener, org.springframework.test.context.transaction.TransactionalTestExecutionListener, org.springframework.test.context.jdbc.SqlScriptsTestExecutionListener, org.springframework.test.context.event.EventPublishingTestExecutionListener]
23:39:13.392 [Test worker] DEBUG org.springframework.boot.test.context.SpringBootTestContextBootstrapper - Skipping candidate TestExecutionListener [org.springframework.test.context.web.ServletTestExecutionListener] due to a missing dependency. Specify custom listener classes or make the default listener classes and their required dependencies available. Offending class: [javax/servlet/ServletContext]
23:39:13.418 [Test worker] INFO org.springframework.boot.test.context.SpringBootTestContextBootstrapper - Using TestExecutionListeners: [org.springframework.test.context.support.DirtiesContextBeforeModesTestExecutionListener@76b0ae1b, org.springframework.test.context.event.ApplicationEventsTestExecutionListener@130a0f66, org.springframework.boot.test.mock.mockito.MockitoTestExecutionListener@4c432866, org.springframework.boot.test.autoconfigure.SpringBootDependencyInjectionTestExecutionListener@12365c88, org.springframework.test.context.support.DirtiesContextTestExecutionListener@6105f8a3, org.springframework.test.context.transaction.TransactionalTestExecutionListener@2237bada, org.springframework.test.context.jdbc.SqlScriptsTestExecutionListener@77e2a6e2, org.springframework.test.context.event.EventPublishingTestExecutionListener@5710768a, org.springframework.boot.test.autoconfigure.restdocs.RestDocsTestExecutionListener@199e4c2b, org.springframework.boot.test.autoconfigure.web.client.MockRestServiceServerResetTestExecutionListener@6e0d4a8, org.springframework.boot.test.autoconfigure.web.servlet.MockMvcPrintOnlyOnFailureTestExecutionListener@64d7b720, org.springframework.boot.test.autoconfigure.web.servlet.WebDriverTestExecutionListener@30272916, org.springframework.boot.test.autoconfigure.webservices.client.MockWebServiceServerTestExecutionListener@5bb3d42d, org.springframework.boot.test.mock.mockito.ResetMocksTestExecutionListener@5bf61e67]
23:39:13.430 [Test worker] DEBUG org.springframework.test.context.support.AbstractDirtiesContextTestExecutionListener - Before test class: context [DefaultTestContext@73e132e0 testClass = AdminTeatroServicioTest, testInstance = [null], testMethod = [null], testException = [null], mergedContextConfiguration = [MergedContextConfiguration@3773862a testClass = AdminTeatroServicioTest, locations = '{}', classes = '{class co.edu.uniquindio.unicine.NegocioApplication}', contextInitializerClasses = '[]', activeProfiles = '{}', propertySourceLocations = '{}', propertySourceProperties = '{org.springframework.boot.test.context.SpringBootTestContextBootstrapper=true}', contextCustomizers = set[org.springframework.boot.test.autoconfigure.actuate.metrics.MetricsExportContextCustomizerFactory$DisableMetricExportContextCustomizer@1b065145, org.springframework.boot.test.autoconfigure.properties.PropertyMappingContextCustomizer@0, org.springframework.boot.test.autoconfigure.web.servlet.WebDriverContextCustomizerFactory$Customizer@5ce33a58, org.springframework.boot.test.context.filter.ExcludeFilterContextCustomizer@7a527389, org.springframework.boot.test.json.DuplicateJsonObjectContextCustomizerFactory$DuplicateJsonObjectContextCustomizer@5b04476e, org.springframework.boot.test.mock.mockito.MockitoContextCustomizer@0, org.springframework.boot.test.web.client.TestRestTemplateContextCustomizer@29e6eb25, org.springframework.boot.test.context.SpringBootTestArgs@1, org.springframework.boot.test.context.SpringBootTestWebEnvironment@72ade7e3], contextLoader = 'org.springframework.boot.test.context.SpringBootContextLoader', parent = [null]], attributes = map[[empty]]], class annotated with @DirtiesContext [false] with mode [null].
23:39:13.463 [Test worker] DEBUG org.springframework.test.context.support.DependencyInjectionTestExecutionListener - Performing dependency injection for test context [[DefaultTestContext@73e132e0 testClass = AdminTeatroServicioTest, testInstance = co.edu.uniquindio.unicine.test.AdminTeatroServicioTest@680bddf5, testMethod = [null], testException = [null], mergedContextConfiguration = [MergedContextConfiguration@3773862a testClass = AdminTeatroServicioTest, locations = '{}', classes = '{class co.edu.uniquindio.unicine.NegocioApplication}', contextInitializerClasses = '[]', activeProfiles = '{}', propertySourceLocations = '{}', propertySourceProperties = '{org.springframework.boot.test.context.SpringBootTestContextBootstrapper=true}', contextCustomizers = set[org.springframework.boot.test.autoconfigure.actuate.metrics.MetricsExportContextCustomizerFactory$DisableMetricExportContextCustomizer@1b065145, org.springframework.boot.test.autoconfigure.properties.PropertyMappingContextCustomizer@0, org.springframework.boot.test.autoconfigure.web.servlet.WebDriverContextCustomizerFactory$Customizer@5ce33a58, org.springframework.boot.test.context.filter.ExcludeFilterContextCustomizer@7a527389, org.springframework.boot.test.json.DuplicateJsonObjectContextCustomizerFactory$DuplicateJsonObjectContextCustomizer@5b04476e, org.springframework.boot.test.mock.mockito.MockitoContextCustomizer@0, org.springframework.boot.test.web.client.TestRestTemplateContextCustomizer@29e6eb25, org.springframework.boot.test.context.SpringBootTestArgs@1, org.springframework.boot.test.context.SpringBootTestWebEnvironment@72ade7e3], contextLoader = 'org.springframework.boot.test.context.SpringBootContextLoader', parent = [null]], attributes = map['org.springframework.test.context.event.ApplicationEventsTestExecutionListener.recordApplicationEvents' -> false]]].

  .   ____          _            __ _ _
 /\\ / ___'_ __ _ _(_)_ __  __ _ \ \ \ \
( ( )\___ | '_ | '_| | '_ \/ _` | \ \ \ \
 \\/  ___)| |_)| | | | | || (_| |  ) ) ) )
  '  |____| .__|_| |_|_| |_\__, | / / / /
 =========|_|==============|___/=/_/_/_/
 :: Spring Boot ::                (v2.7.3)

2022-10-22 23:39:14.292  INFO 8612 --- [    Test worker] c.e.u.u.test.AdminTeatroServicioTest     : Starting AdminTeatroServicioTest using Java 11.0.15 on DESKTOP-98QCLC6 with PID 8612 (started by Juan in C:\td\proyecto\Unicine\negocio)
2022-10-22 23:39:14.296  INFO 8612 --- [    Test worker] c.e.u.u.test.AdminTeatroServicioTest     : No active profile set, falling back to 1 default profile: "default"
2022-10-22 23:39:15.671  INFO 8612 --- [    Test worker] .s.d.r.c.RepositoryConfigurationDelegate : Bootstrapping Spring Data JPA repositories in DEFAULT mode.
2022-10-22 23:39:16.056  INFO 8612 --- [    Test worker] .s.d.r.c.RepositoryConfigurationDelegate : Finished Spring Data repository scanning in 356 ms. Found 16 JPA repository interfaces.
2022-10-22 23:39:17.422  INFO 8612 --- [    Test worker] o.hibernate.jpa.internal.util.LogHelper  : HHH000204: Processing PersistenceUnitInfo [name: default]
2022-10-22 23:39:17.808  INFO 8612 --- [    Test worker] org.hibernate.Version                    : HHH000412: Hibernate ORM core version 5.6.10.Final
2022-10-22 23:39:18.280  INFO 8612 --- [    Test worker] o.hibernate.annotations.common.Version   : HCANN000001: Hibernate Commons Annotations {5.1.2.Final}
2022-10-22 23:39:18.691  INFO 8612 --- [    Test worker] com.zaxxer.hikari.HikariDataSource       : HikariPool-1 - Starting...
2022-10-22 23:39:19.997  INFO 8612 --- [    Test worker] com.zaxxer.hikari.HikariDataSource       : HikariPool-1 - Start completed.
2022-10-22 23:39:20.129  INFO 8612 --- [    Test worker] org.hibernate.dialect.Dialect            : HHH000400: Using dialect: org.hibernate.dialect.MySQL8Dialect
2022-10-22 23:39:20.409  WARN 8612 --- [    Test worker] org.hibernate.cfg.AnnotationBinder       : HHH000503: A class should not be annotated with both @Inheritance and @MappedSuperclass. @Inheritance will be ignored for: co.edu.uniquindio.unicine.entidades.Persona.
2022-10-22 23:39:23.478  INFO 8612 --- [    Test worker] o.h.e.t.j.p.i.JtaPlatformInitiator       : HHH000490: Using JtaPlatform implementation: [org.hibernate.engine.transaction.jta.platform.internal.NoJtaPlatform]
2022-10-22 23:39:23.505  INFO 8612 --- [    Test worker] j.LocalContainerEntityManagerFactoryBean : Initialized JPA EntityManagerFactory for persistence unit 'default'
2022-10-22 23:39:26.779  INFO 8612 --- [    Test worker] c.e.u.u.test.AdminTeatroServicioTest     : Started AdminTeatroServicioTest in 13.233 seconds (JVM running for 17.632)
2022-10-22 23:39:26.838  INFO 8612 --- [    Test worker] o.s.t.c.transaction.TransactionContext   : Began transaction (1) for test context [DefaultTestContext@73e132e0 testClass = AdminTeatroServicioTest, testInstance = co.edu.uniquindio.unicine.test.AdminTeatroServicioTest@680bddf5, testMethod = listarDistribucionTest@AdminTeatroServicioTest, testException = [null], mergedContextConfiguration = [MergedContextConfiguration@3773862a testClass = AdminTeatroServicioTest, locations = '{}', classes = '{class co.edu.uniquindio.unicine.NegocioApplication}', contextInitializerClasses = '[]', activeProfiles = '{}', propertySourceLocations = '{}', propertySourceProperties = '{org.springframework.boot.test.context.SpringBootTestContextBootstrapper=true}', contextCustomizers = set[org.springframework.boot.test.autoconfigure.actuate.metrics.MetricsExportContextCustomizerFactory$DisableMetricExportContextCustomizer@1b065145, org.springframework.boot.test.autoconfigure.properties.PropertyMappingContextCustomizer@0, org.springframework.boot.test.autoconfigure.web.servlet.WebDriverContextCustomizerFactory$Customizer@5ce33a58, org.springframework.boot.test.context.filter.ExcludeFilterContextCustomizer@7a527389, org.springframework.boot.test.json.DuplicateJsonObjectContextCustomizerFactory$DuplicateJsonObjectContextCustomizer@5b04476e, org.springframework.boot.test.mock.mockito.MockitoContextCustomizer@0, org.springframework.boot.test.web.client.TestRestTemplateContextCustomizer@29e6eb25, org.springframework.boot.test.context.SpringBootTestArgs@1, org.springframework.boot.test.context.SpringBootTestWebEnvironment@72ade7e3], contextLoader = 'org.springframework.boot.test.context.SpringBootContextLoader', parent = [null]], attributes = map['org.springframework.test.context.event.ApplicationEventsTestExecutionListener.recordApplicationEvents' -> false]]; transaction manager [org.springframework.orm.jpa.JpaTransactionManager@1a22325d]; rollback [true]
Hibernate: select distribuci0_.codigo as codigo1_10_, distribuci0_.columnas as columnas2_10_, distribuci0_.esquema as esquema3_10_, distribuci0_.filas as filas4_10_, distribuci0_.total_sillas as total_si5_10_ from distribucion_sillas distribuci0_
2022-10-22 23:39:27.555  INFO 8612 --- [    Test worker] o.s.t.c.transaction.TransactionContext   : Rolled back transaction for test: [DefaultTestContext@73e132e0 testClass = AdminTeatroServicioTest, testInstance = co.edu.uniquindio.unicine.test.AdminTeatroServicioTest@680bddf5, testMethod = listarDistribucionTest@AdminTeatroServicioTest, testException = [null], mergedContextConfiguration = [MergedContextConfiguration@3773862a testClass = AdminTeatroServicioTest, locations = '{}', classes = '{class co.edu.uniquindio.unicine.NegocioApplication}', contextInitializerClasses = '[]', activeProfiles = '{}', propertySourceLocations = '{}', propertySourceProperties = '{org.springframework.boot.test.context.SpringBootTestContextBootstrapper=true}', contextCustomizers = set[org.springframework.boot.test.autoconfigure.actuate.metrics.MetricsExportContextCustomizerFactory$DisableMetricExportContextCustomizer@1b065145, org.springframework.boot.test.autoconfigure.properties.PropertyMappingContextCustomizer@0, org.springframework.boot.test.autoconfigure.web.servlet.WebDriverContextCustomizerFactory$Customizer@5ce33a58, org.springframework.boot.test.context.filter.ExcludeFilterContextCustomizer@7a527389, org.springframework.boot.test.json.DuplicateJsonObjectContextCustomizerFactory$DuplicateJsonObjectContextCustomizer@5b04476e, org.springframework.boot.test.mock.mockito.MockitoContextCustomizer@0, org.springframework.boot.test.web.client.TestRestTemplateContextCustomizer@29e6eb25, org.springframework.boot.test.context.SpringBootTestArgs@1, org.springframework.boot.test.context.SpringBootTestWebEnvironment@72ade7e3], contextLoader = 'org.springframework.boot.test.context.SpringBootContextLoader', parent = [null]], attributes = map['org.springframework.test.context.event.ApplicationEventsTestExecutionListener.recordApplicationEvents' -> false]]
]]></system-out>
  <system-err><![CDATA[]]></system-err>
</testsuite>
